

Started GET "/assets/rails.png" for 127.0.0.1 at 2012-01-13 20:13:28 -0500
Served asset /rails.png - 200 OK (3ms)


Started GET "/rails/info/properties" for 127.0.0.1 at 2012-01-13 20:13:31 -0500
  Processing by Rails::InfoController#properties as */*
Rendered inline template (2.6ms)
Completed 200 OK in 13ms (Views: 12.6ms | ActiveRecord: 0.0ms)
  [1m[36m (1.8ms)[0m  [1mselect sqlite_version(*)[0m
  [1m[35m (1.3ms)[0m  CREATE TABLE "schema_migrations" ("version" varchar(255) NOT NULL) 
  [1m[36m (0.0ms)[0m  [1mPRAGMA index_list("schema_migrations")[0m
  [1m[35m (0.9ms)[0m  CREATE UNIQUE INDEX "unique_schema_migrations" ON "schema_migrations" ("version")
  [1m[36m (0.1ms)[0m  [1mSELECT "schema_migrations"."version" FROM "schema_migrations" [0m
Migrating to CreateUsers (20120114012218)
  [1m[35m (0.3ms)[0m  CREATE TABLE "users" ("id" INTEGER PRIMARY KEY AUTOINCREMENT NOT NULL, "first_name" varchar(255), "last_name" varchar(255), "email" varchar(255), "created_at" datetime, "updated_at" datetime) 
  [1m[36m (0.1ms)[0m  [1mINSERT INTO "schema_migrations" ("version") VALUES ('20120114012218')[0m
  [1m[35m (0.2ms)[0m  select sqlite_version(*)
  [1m[36m (0.1ms)[0m  [1mSELECT "schema_migrations"."version" FROM "schema_migrations" [0m
  [1m[35m (0.0ms)[0m  PRAGMA index_list("users")
  [1m[36m (0.1ms)[0m  [1mSELECT "schema_migrations"."version" FROM "schema_migrations" [0m
Migrating to CreateUsers (20120114012218)
  [1m[35m (0.2ms)[0m  select sqlite_version(*)
  [1m[36m (0.1ms)[0m  [1mSELECT "schema_migrations"."version" FROM "schema_migrations" [0m
  [1m[35m (0.0ms)[0m  PRAGMA index_list("users")


Started GET "/assets/rails.png" for 127.0.0.1 at 2012-01-13 21:03:43 -0500
Served asset /rails.png - 304 Not Modified (2ms)


Started GET "/" for 127.0.0.1 at 2012-01-13 21:04:12 -0500
  Processing by ApplicationController#index as HTML
Rendered layouts/home.html.erb within layouts/application (1.8ms)
Compiled application.css  (1ms)  (pid 26716)
Compiled scaffolds.css  (10ms)  (pid 26716)
Compiled users.css  (1ms)  (pid 26716)
Compiled application.js  (5ms)  (pid 26716)
Compiled jquery.js  (2ms)  (pid 26716)
Compiled jquery_ujs.js  (0ms)  (pid 26716)
Compiled users.js  (197ms)  (pid 26716)
Completed 200 OK in 339ms (Views: 338.1ms | ActiveRecord: 0.0ms)


Started GET "/assets/scaffolds.css?body=1" for 127.0.0.1 at 2012-01-13 21:04:13 -0500
Served asset /scaffolds.css - 200 OK (5ms)


Started GET "/assets/jquery_ujs.js?body=1" for 127.0.0.1 at 2012-01-13 21:04:13 -0500
Served asset /jquery_ujs.js - 200 OK (2ms)


Started GET "/assets/application.css?body=1" for 127.0.0.1 at 2012-01-13 21:04:13 -0500
Served asset /application.css - 200 OK (0ms)


Started GET "/assets/jquery.js?body=1" for 127.0.0.1 at 2012-01-13 21:04:13 -0500
Served asset /jquery.js - 200 OK (2ms)


Started GET "/assets/users.js?body=1" for 127.0.0.1 at 2012-01-13 21:04:13 -0500
Served asset /users.js - 200 OK (3ms)


Started GET "/assets/users.css?body=1" for 127.0.0.1 at 2012-01-13 21:04:13 -0500
Served asset /users.css - 200 OK (1ms)


Started GET "/assets/application.js?body=1" for 127.0.0.1 at 2012-01-13 21:04:13 -0500
Served asset /application.js - 200 OK (0ms)


Started GET "/" for 127.0.0.1 at 2012-01-13 21:07:14 -0500
  Processing by ApplicationController#index as HTML
Rendered layouts/home.html.erb within layouts/application (0.0ms)
Completed 200 OK in 5ms (Views: 5.2ms | ActiveRecord: 0.0ms)


Started GET "/assets/jquery.js?body=1" for 127.0.0.1 at 2012-01-13 21:07:14 -0500
Served asset /jquery.js - 304 Not Modified (0ms)


Started GET "/" for 127.0.0.1 at 2012-01-13 21:07:44 -0500
  Processing by ApplicationController#index as HTML
Rendered layouts/home.html.erb within layouts/application (0.3ms)
Completed 200 OK in 5ms (Views: 5.2ms | ActiveRecord: 0.0ms)


Started GET "/assets/application.css?body=1" for 127.0.0.1 at 2012-01-13 21:07:44 -0500
Served asset /application.css - 304 Not Modified (0ms)


Started GET "/assets/scaffolds.css?body=1" for 127.0.0.1 at 2012-01-13 21:07:44 -0500
Served asset /scaffolds.css - 304 Not Modified (0ms)


Started GET "/assets/users.css?body=1" for 127.0.0.1 at 2012-01-13 21:07:44 -0500
Served asset /users.css - 304 Not Modified (0ms)


Started GET "/assets/jquery.js?body=1" for 127.0.0.1 at 2012-01-13 21:07:44 -0500
Served asset /jquery.js - 304 Not Modified (0ms)


Started GET "/assets/jquery_ujs.js?body=1" for 127.0.0.1 at 2012-01-13 21:07:44 -0500
Served asset /jquery_ujs.js - 304 Not Modified (0ms)


Started GET "/assets/users.js?body=1" for 127.0.0.1 at 2012-01-13 21:07:44 -0500
Served asset /users.js - 304 Not Modified (0ms)


Started GET "/assets/application.js?body=1" for 127.0.0.1 at 2012-01-13 21:07:44 -0500
Served asset /application.js - 304 Not Modified (0ms)


<<<<<<< HEAD
Started GET "/" for 127.0.0.1 at 2012-01-13 21:56:54 -0500
  Processing by ApplicationController#index as HTML
Rendered layouts/home.html.erb within layouts/application (21.6ms)
Cache for Asset (application.js) is stale
/Users/adi/.rvm/gems/ruby-1.9.3-p0/gems/jquery-rails-1.0.19/vendor/assets/javascripts/jquery.js isn't in paths: /home/dange/Lendmo/app/assets/images, /home/dange/Lendmo/app/assets/javascripts, /home/dange/Lendmo/app/assets/stylesheets, /home/dange/Lendmo/vendor/assets/stylesheets, /home/dange/.rvm/gems/ruby-1.9.2-p290/gems/jquery-rails-1.0.19/vendor/assets/javascripts
Compiled application.js  (4ms)  (pid 4196)
Compiled jquery.js  (33ms)  (pid 4196)
Compiled jquery_ujs.js  (0ms)  (pid 4196)
Completed 200 OK in 256ms (Views: 255.1ms | ActiveRecord: 0.0ms)


Started GET "/assets/styles.css?body=1" for 127.0.0.1 at 2012-01-13 21:56:56 -0500
Served asset /styles.css - 200 OK (2ms)


Started GET "/assets/jquery.js?body=1" for 127.0.0.1 at 2012-01-13 21:56:56 -0500
Served asset /jquery.js - 200 OK (4ms)


Started GET "/assets/jquery_ujs.js?body=1" for 127.0.0.1 at 2012-01-13 21:56:56 -0500
Served asset /jquery_ujs.js - 200 OK (4ms)


Started GET "/assets/application.css?body=1" for 127.0.0.1 at 2012-01-13 21:56:56 -0500
Served asset /application.css - 200 OK (0ms)


Started GET "/assets/users.js?body=1" for 127.0.0.1 at 2012-01-13 21:56:56 -0500
Served asset /users.js - 200 OK (3ms)


Started GET "/assets/application.js?body=1" for 127.0.0.1 at 2012-01-13 21:56:56 -0500
Served asset /application.js - 200 OK (0ms)
=======
Started GET "/" for 127.0.0.1 at 2012-01-13 23:07:00 -0500
  Processing by PagesController#home as HTML
Rendered pages/home.html.erb within layouts/application (2.6ms)
Completed 200 OK in 45ms (Views: 45.0ms | ActiveRecord: 0.0ms)


Started GET "/assets/application.css?body=1" for 127.0.0.1 at 2012-01-13 23:07:00 -0500
Served asset /application.css - 304 Not Modified (0ms)


Started GET "/assets/styles.css?body=1" for 127.0.0.1 at 2012-01-13 23:07:00 -0500
Served asset /styles.css - 304 Not Modified (2ms)


Started GET "/assets/application.js?body=1" for 127.0.0.1 at 2012-01-13 23:07:00 -0500
Served asset /application.js - 304 Not Modified (2ms)


Started GET "/assets/jquery.js?body=1" for 127.0.0.1 at 2012-01-13 23:07:00 -0500
Served asset /jquery.js - 304 Not Modified (3ms)


Started GET "/assets/users.js?body=1" for 127.0.0.1 at 2012-01-13 23:07:00 -0500
Served asset /users.js - 304 Not Modified (1ms)


Started GET "/assets/jquery_ujs.js?body=1" for 127.0.0.1 at 2012-01-13 23:07:00 -0500
Served asset /jquery_ujs.js - 304 Not Modified (1ms)


Started GET "/login" for 127.0.0.1 at 2012-01-13 23:07:01 -0500
  Processing by AuthController#start as HTML
Completed 500 Internal Server Error in 1ms

NoMethodError (undefined method `web_server' for #<OAuth2::Client:0x007fc17260d930>):
  app/controllers/auth_controller.rb:4:in `start'

Rendered /Users/adi/.rvm/gems/ruby-1.9.3-p0/gems/actionpack-3.1.3/lib/action_dispatch/middleware/templates/rescues/_trace.erb (1.1ms)
Rendered /Users/adi/.rvm/gems/ruby-1.9.3-p0/gems/actionpack-3.1.3/lib/action_dispatch/middleware/templates/rescues/_request_and_response.erb (0.9ms)
Rendered /Users/adi/.rvm/gems/ruby-1.9.3-p0/gems/actionpack-3.1.3/lib/action_dispatch/middleware/templates/rescues/diagnostics.erb within rescues/layout (4.3ms)


Started GET "/login" for 127.0.0.1 at 2012-01-13 23:07:16 -0500
  Processing by AuthController#start as HTML
Completed 500 Internal Server Error in 1ms

ArgumentError (wrong number of arguments(1 for 0)):
  app/controllers/auth_controller.rb:4:in `inspect'
  app/controllers/auth_controller.rb:4:in `start'

Rendered /Users/adi/.rvm/gems/ruby-1.9.3-p0/gems/actionpack-3.1.3/lib/action_dispatch/middleware/templates/rescues/_trace.erb (1.0ms)
Rendered /Users/adi/.rvm/gems/ruby-1.9.3-p0/gems/actionpack-3.1.3/lib/action_dispatch/middleware/templates/rescues/_request_and_response.erb (0.8ms)
Rendered /Users/adi/.rvm/gems/ruby-1.9.3-p0/gems/actionpack-3.1.3/lib/action_dispatch/middleware/templates/rescues/diagnostics.erb within rescues/layout (3.4ms)


Started GET "/login" for 127.0.0.1 at 2012-01-13 23:07:25 -0500
  Processing by AuthController#start as HTML
Completed 500 Internal Server Error in 8ms

ArgumentError (wrong number of arguments (1 for 0)):
  app/controllers/auth_controller.rb:26:in `client'
  app/controllers/auth_controller.rb:4:in `start'

Rendered /Users/adi/.rvm/gems/ruby-1.9.3-p0/gems/actionpack-3.1.3/lib/action_dispatch/middleware/templates/rescues/_trace.erb (1.1ms)
Rendered /Users/adi/.rvm/gems/ruby-1.9.3-p0/gems/actionpack-3.1.3/lib/action_dispatch/middleware/templates/rescues/_request_and_response.erb (0.9ms)
Rendered /Users/adi/.rvm/gems/ruby-1.9.3-p0/gems/actionpack-3.1.3/lib/action_dispatch/middleware/templates/rescues/diagnostics.erb within rescues/layout (3.8ms)


Started GET "/login" for 127.0.0.1 at 2012-01-13 23:07:39 -0500
  Processing by AuthController#start as HTML
Completed 500 Internal Server Error in 2ms

NoMethodError (undefined method `web_server' for #<OAuth2::Client:0x007fc17432ae00>):
  app/controllers/auth_controller.rb:5:in `start'

Rendered /Users/adi/.rvm/gems/ruby-1.9.3-p0/gems/actionpack-3.1.3/lib/action_dispatch/middleware/templates/rescues/_trace.erb (1.1ms)
Rendered /Users/adi/.rvm/gems/ruby-1.9.3-p0/gems/actionpack-3.1.3/lib/action_dispatch/middleware/templates/rescues/_request_and_response.erb (0.8ms)
Rendered /Users/adi/.rvm/gems/ruby-1.9.3-p0/gems/actionpack-3.1.3/lib/action_dispatch/middleware/templates/rescues/diagnostics.erb within rescues/layout (3.6ms)


Started GET "/login" for 127.0.0.1 at 2012-01-13 23:09:18 -0500
  Processing by AuthController#start as HTML
message
Completed 500 Internal Server Error in 1ms

NoMethodError (undefined method `web_server' for #<OAuth2::Client:0x007fc17272fb10>):
  app/controllers/auth_controller.rb:5:in `start'

Rendered /Users/adi/.rvm/gems/ruby-1.9.3-p0/gems/actionpack-3.1.3/lib/action_dispatch/middleware/templates/rescues/_trace.erb (1.1ms)
Rendered /Users/adi/.rvm/gems/ruby-1.9.3-p0/gems/actionpack-3.1.3/lib/action_dispatch/middleware/templates/rescues/_request_and_response.erb (0.8ms)
Rendered /Users/adi/.rvm/gems/ruby-1.9.3-p0/gems/actionpack-3.1.3/lib/action_dispatch/middleware/templates/rescues/diagnostics.erb within rescues/layout (3.5ms)


Started GET "/login" for 127.0.0.1 at 2012-01-13 23:09:26 -0500
  Processing by AuthController#start as HTML
#<OAuth2::Client:0x007fc1724c27b0 @id="221737857912452", @secret="329198e3c954437020325c9697aa9510", @site="https://graph.facebook.com", @options={:authorize_url=>"/oauth/authorize", :token_url=>"/oauth/token", :token_method=>:post, :connection_opts=>{}, :connection_build=>nil, :max_redirects=>5, :raise_errors=>true}>
Completed 500 Internal Server Error in 1ms

NoMethodError (undefined method `web_server' for #<OAuth2::Client:0x007fc1723995a0>):
  app/controllers/auth_controller.rb:5:in `start'

Rendered /Users/adi/.rvm/gems/ruby-1.9.3-p0/gems/actionpack-3.1.3/lib/action_dispatch/middleware/templates/rescues/_trace.erb (1.0ms)
Rendered /Users/adi/.rvm/gems/ruby-1.9.3-p0/gems/actionpack-3.1.3/lib/action_dispatch/middleware/templates/rescues/_request_and_response.erb (1.1ms)
Rendered /Users/adi/.rvm/gems/ruby-1.9.3-p0/gems/actionpack-3.1.3/lib/action_dispatch/middleware/templates/rescues/diagnostics.erb within rescues/layout (3.8ms)


Started GET "/login" for 127.0.0.1 at 2012-01-13 23:10:27 -0500
  Processing by AuthController#start as HTML
#<OAuth2::Client:0x007fc1743bef38 @id="221737857912452", @secret="329198e3c954437020325c9697aa9510", @site="https://graph.facebook.com", @options={:authorize_url=>"/oauth/authorize", :token_url=>"/oauth/token", :token_method=>:post, :connection_opts=>{}, :connection_build=>nil, :max_redirects=>5, :raise_errors=>true}>
Completed 500 Internal Server Error in 2ms

NoMethodError (undefined method `web_server' for #<OAuth2::Client:0x007fc1743c2520>):
  app/controllers/auth_controller.rb:5:in `start'

Rendered /Users/adi/.rvm/gems/ruby-1.9.3-p0/gems/actionpack-3.1.3/lib/action_dispatch/middleware/templates/rescues/_trace.erb (1.2ms)
Rendered /Users/adi/.rvm/gems/ruby-1.9.3-p0/gems/actionpack-3.1.3/lib/action_dispatch/middleware/templates/rescues/_request_and_response.erb (0.8ms)
Rendered /Users/adi/.rvm/gems/ruby-1.9.3-p0/gems/actionpack-3.1.3/lib/action_dispatch/middleware/templates/rescues/diagnostics.erb within rescues/layout (16.6ms)


Started GET "/login" for 127.0.0.1 at 2012-01-13 23:11:44 -0500
  Processing by AuthController#start as HTML
#<OAuth2::Client:0x007fc1743083c8 @id="221737857912452", @secret="329198e3c954437020325c9697aa9510", @site="https://graph.facebook.com", @options={:authorize_url=>"/oauth/authorize", :token_url=>"/oauth/token", :token_method=>:post, :connection_opts=>{}, :connection_build=>nil, :max_redirects=>5, :raise_errors=>true}>
Completed 500 Internal Server Error in 2ms

NoMethodError (undefined method `web_server' for #<OAuth2::Client:0x007fc1743083c8>):
  app/controllers/auth_controller.rb:5:in `start'

Rendered /Users/adi/.rvm/gems/ruby-1.9.3-p0/gems/actionpack-3.1.3/lib/action_dispatch/middleware/templates/rescues/_trace.erb (1.1ms)
Rendered /Users/adi/.rvm/gems/ruby-1.9.3-p0/gems/actionpack-3.1.3/lib/action_dispatch/middleware/templates/rescues/_request_and_response.erb (0.9ms)
Rendered /Users/adi/.rvm/gems/ruby-1.9.3-p0/gems/actionpack-3.1.3/lib/action_dispatch/middleware/templates/rescues/diagnostics.erb within rescues/layout (3.8ms)


Started GET "/login" for 127.0.0.1 at 2012-01-13 23:11:49 -0500
  Processing by AuthController#start as HTML
#<OAuth2::Client:0x007fc17255fa60 @id="221737857912452", @secret="329198e3c954437020325c9697aa9510", @site="https://graph.facebook.com", @options={:authorize_url=>"/oauth/authorize", :token_url=>"/oauth/token", :token_method=>:post, :connection_opts=>{}, :connection_build=>nil, :max_redirects=>5, :raise_errors=>true}>
Completed 500 Internal Server Error in 1ms

NoMethodError (undefined method `web_server' for #<OAuth2::Client:0x007fc17255fa60>):
  app/controllers/auth_controller.rb:5:in `start'

Rendered /Users/adi/.rvm/gems/ruby-1.9.3-p0/gems/actionpack-3.1.3/lib/action_dispatch/middleware/templates/rescues/_trace.erb (1.2ms)
Rendered /Users/adi/.rvm/gems/ruby-1.9.3-p0/gems/actionpack-3.1.3/lib/action_dispatch/middleware/templates/rescues/_request_and_response.erb (1.0ms)
Rendered /Users/adi/.rvm/gems/ruby-1.9.3-p0/gems/actionpack-3.1.3/lib/action_dispatch/middleware/templates/rescues/diagnostics.erb within rescues/layout (4.7ms)


Started GET "/login" for 127.0.0.1 at 2012-01-13 23:11:51 -0500
  Processing by AuthController#start as HTML
#<OAuth2::Client:0x007fc174497590 @id="221737857912452", @secret="329198e3c954437020325c9697aa9510", @site="https://graph.facebook.com", @options={:authorize_url=>"/oauth/authorize", :token_url=>"/oauth/token", :token_method=>:post, :connection_opts=>{}, :connection_build=>nil, :max_redirects=>5, :raise_errors=>true}>
Completed 500 Internal Server Error in 1ms

NoMethodError (undefined method `web_server' for #<OAuth2::Client:0x007fc174497590>):
  app/controllers/auth_controller.rb:5:in `start'

Rendered /Users/adi/.rvm/gems/ruby-1.9.3-p0/gems/actionpack-3.1.3/lib/action_dispatch/middleware/templates/rescues/_trace.erb (1.0ms)
Rendered /Users/adi/.rvm/gems/ruby-1.9.3-p0/gems/actionpack-3.1.3/lib/action_dispatch/middleware/templates/rescues/_request_and_response.erb (1.0ms)
Rendered /Users/adi/.rvm/gems/ruby-1.9.3-p0/gems/actionpack-3.1.3/lib/action_dispatch/middleware/templates/rescues/diagnostics.erb within rescues/layout (3.6ms)


Started GET "/login" for 127.0.0.1 at 2012-01-13 23:12:07 -0500
  Processing by AuthController#start as HTML
nil
Completed 500 Internal Server Error in 1ms

NoMethodError (undefined method `web_server' for nil:NilClass):
  app/controllers/auth_controller.rb:5:in `start'

Rendered /Users/adi/.rvm/gems/ruby-1.9.3-p0/gems/actionpack-3.1.3/lib/action_dispatch/middleware/templates/rescues/_trace.erb (1.0ms)
Rendered /Users/adi/.rvm/gems/ruby-1.9.3-p0/gems/actionpack-3.1.3/lib/action_dispatch/middleware/templates/rescues/_request_and_response.erb (0.8ms)
Rendered /Users/adi/.rvm/gems/ruby-1.9.3-p0/gems/actionpack-3.1.3/lib/action_dispatch/middleware/templates/rescues/diagnostics.erb within rescues/layout (3.4ms)


Started GET "/login" for 127.0.0.1 at 2012-01-13 23:12:59 -0500
  Processing by AuthController#start as HTML
#<OAuth2::Client:0x007fc1743b3980 @id="221737857912452", @secret="329198e3c954437020325c9697aa9510", @site="https://graph.facebook.com", @options={:authorize_url=>"/oauth/authorize", :token_url=>"/oauth/token", :token_method=>:post, :connection_opts=>{}, :connection_build=>nil, :max_redirects=>5, :raise_errors=>true}>
Completed 500 Internal Server Error in 2ms

NoMethodError (undefined method `web_server' for #<OAuth2::Client:0x007fc17434fa70>):
  app/controllers/auth_controller.rb:5:in `start'

Rendered /Users/adi/.rvm/gems/ruby-1.9.3-p0/gems/actionpack-3.1.3/lib/action_dispatch/middleware/templates/rescues/_trace.erb (1.1ms)
Rendered /Users/adi/.rvm/gems/ruby-1.9.3-p0/gems/actionpack-3.1.3/lib/action_dispatch/middleware/templates/rescues/_request_and_response.erb (0.8ms)
Rendered /Users/adi/.rvm/gems/ruby-1.9.3-p0/gems/actionpack-3.1.3/lib/action_dispatch/middleware/templates/rescues/diagnostics.erb within rescues/layout (3.6ms)


Started GET "/" for 127.0.0.1 at 2012-01-13 23:14:34 -0500
  Processing by PagesController#home as HTML
Rendered pages/home.html.erb within layouts/application (0.1ms)
Completed 200 OK in 27ms (Views: 26.4ms | ActiveRecord: 0.0ms)


Started GET "/assets/application.css?body=1" for 127.0.0.1 at 2012-01-13 23:14:34 -0500
Served asset /application.css - 304 Not Modified (0ms)


Started GET "/assets/styles.css?body=1" for 127.0.0.1 at 2012-01-13 23:14:34 -0500
Served asset /styles.css - 304 Not Modified (0ms)


Started GET "/assets/users.js?body=1" for 127.0.0.1 at 2012-01-13 23:14:34 -0500
Served asset /users.js - 304 Not Modified (0ms)


Started GET "/assets/jquery.js?body=1" for 127.0.0.1 at 2012-01-13 23:14:34 -0500
Served asset /jquery.js - 304 Not Modified (0ms)


Started GET "/assets/jquery_ujs.js?body=1" for 127.0.0.1 at 2012-01-13 23:14:34 -0500
Served asset /jquery_ujs.js - 304 Not Modified (0ms)


Started GET "/assets/application.js?body=1" for 127.0.0.1 at 2012-01-13 23:14:34 -0500
Served asset /application.js - 304 Not Modified (0ms)


Started GET "/login" for 127.0.0.1 at 2012-01-13 23:14:35 -0500
  Processing by AuthController#start as HTML
#<OAuth2::Client:0x007fc1744043d0 @id="221737857912452", @secret="329198e3c954437020325c9697aa9510", @site="https://graph.facebook.com", @options={:authorize_url=>"/oauth/authorize", :token_url=>"/oauth/token", :token_method=>:post, :connection_opts=>{}, :connection_build=>nil, :max_redirects=>5, :raise_errors=>true}>
Completed 500 Internal Server Error in 2ms

NoMethodError (undefined method `web_server' for #<OAuth2::Client:0x007fc174404470>):
  app/controllers/auth_controller.rb:5:in `start'

Rendered /Users/adi/.rvm/gems/ruby-1.9.3-p0/gems/actionpack-3.1.3/lib/action_dispatch/middleware/templates/rescues/_trace.erb (1.8ms)
Rendered /Users/adi/.rvm/gems/ruby-1.9.3-p0/gems/actionpack-3.1.3/lib/action_dispatch/middleware/templates/rescues/_request_and_response.erb (1.2ms)
Rendered /Users/adi/.rvm/gems/ruby-1.9.3-p0/gems/actionpack-3.1.3/lib/action_dispatch/middleware/templates/rescues/diagnostics.erb within rescues/layout (6.0ms)


Started GET "/login" for 127.0.0.1 at 2012-01-13 23:15:40 -0500
  Processing by AuthController#start as HTML
#<OAuth2::Client:0x007fc1743260a8 @id="221737857912452", @secret="329198e3c954437020325c9697aa9510", @site="https://graph.facebook.com", @options={:authorize_url=>"/oauth/authorize", :token_url=>"/oauth/token", :token_method=>:post, :connection_opts=>{}, :connection_build=>nil, :max_redirects=>5, :raise_errors=>true}>
Completed 500 Internal Server Error in 9ms

NameError (undefined local variable or method `auth_callback_url' for #<AuthController:0x007fc17431cff8>):
  app/controllers/auth_controller.rb:5:in `start'

Rendered /Users/adi/.rvm/gems/ruby-1.9.3-p0/gems/actionpack-3.1.3/lib/action_dispatch/middleware/templates/rescues/_trace.erb (1.1ms)
Rendered /Users/adi/.rvm/gems/ruby-1.9.3-p0/gems/actionpack-3.1.3/lib/action_dispatch/middleware/templates/rescues/_request_and_response.erb (1.0ms)
Rendered /Users/adi/.rvm/gems/ruby-1.9.3-p0/gems/actionpack-3.1.3/lib/action_dispatch/middleware/templates/rescues/diagnostics.erb within rescues/layout (3.8ms)


Started GET "/login" for 127.0.0.1 at 2012-01-13 23:18:28 -0500
  Processing by AuthController#start as HTML
#<OAuth2::Client:0x007fc172734908 @id="221737857912452", @secret="329198e3c954437020325c9697aa9510", @site="https://graph.facebook.com", @options={:authorize_url=>"/oauth/authorize", :token_url=>"/oauth/token", :token_method=>:post, :connection_opts=>{}, :connection_build=>nil, :max_redirects=>5, :raise_errors=>true}>
Redirected to https://graph.facebook.com/oauth/authorize?response_type=code&client_id=221737857912452&redirect_uri=auth%23callback&scope=email%2Coffline_access
Completed 302 Found in 34ms


Started GET "/login" for 127.0.0.1 at 2012-01-13 23:18:39 -0500
  Processing by AuthController#start as HTML
#<OAuth2::Client:0x007fc1743b6838 @id="221737857912452", @secret="329198e3c954437020325c9697aa9510", @site="https://graph.facebook.com", @options={:authorize_url=>"/oauth/authorize", :token_url=>"/oauth/token", :token_method=>:post, :connection_opts=>{}, :connection_build=>nil, :max_redirects=>5, :raise_errors=>true}>
Redirected to https://graph.facebook.com/oauth/authorize?response_type=code&client_id=221737857912452&redirect_uri=auth%23callback&scope=email%2Coffline_access
Completed 302 Found in 2ms


Started GET "/" for 127.0.0.1 at 2012-01-13 23:19:10 -0500
  Processing by PagesController#home as HTML
Rendered pages/home.html.erb within layouts/application (0.0ms)
Completed 200 OK in 26ms (Views: 7.0ms | ActiveRecord: 0.0ms)


Started GET "/assets/styles.css?body=1" for 127.0.0.1 at 2012-01-13 23:19:10 -0500
Served asset /styles.css - 304 Not Modified (0ms)


Started GET "/assets/jquery_ujs.js?body=1" for 127.0.0.1 at 2012-01-13 23:19:10 -0500
Served asset /jquery_ujs.js - 304 Not Modified (0ms)


Started GET "/assets/jquery.js?body=1" for 127.0.0.1 at 2012-01-13 23:19:11 -0500
Served asset /jquery.js - 304 Not Modified (0ms)


Started GET "/assets/users.js?body=1" for 127.0.0.1 at 2012-01-13 23:19:11 -0500
Served asset /users.js - 304 Not Modified (0ms)


Started GET "/assets/application.css?body=1" for 127.0.0.1 at 2012-01-13 23:19:11 -0500
Served asset /application.css - 304 Not Modified (0ms)


Started GET "/assets/application.js?body=1" for 127.0.0.1 at 2012-01-13 23:19:11 -0500
Served asset /application.js - 304 Not Modified (0ms)


Started GET "/login" for 127.0.0.1 at 2012-01-13 23:19:11 -0500
  Processing by AuthController#start as HTML
#<OAuth2::Client:0x007fc1724d6378 @id="221737857912452", @secret="329198e3c954437020325c9697aa9510", @site="https://graph.facebook.com", @options={:authorize_url=>"/oauth/authorize", :token_url=>"/oauth/token", :token_method=>:post, :connection_opts=>{}, :connection_build=>nil, :max_redirects=>5, :raise_errors=>true}>
Redirected to https://graph.facebook.com/oauth/authorize?response_type=code&client_id=221737857912452&redirect_uri=http%3A%2F%2Flocalhost%3A3000%2Flogin%2Fcallback&scope=email%2Coffline_access
Completed 302 Found in 2ms


Started GET "/" for 127.0.0.1 at 2012-01-13 23:20:42 -0500
  Processing by PagesController#home as HTML
Rendered pages/home.html.erb within layouts/application (0.0ms)
Completed 200 OK in 7ms (Views: 6.6ms | ActiveRecord: 0.0ms)


Started GET "/assets/application.css?body=1" for 127.0.0.1 at 2012-01-13 23:20:42 -0500
Served asset /application.css - 304 Not Modified (0ms)


Started GET "/assets/styles.css?body=1" for 127.0.0.1 at 2012-01-13 23:20:42 -0500
Served asset /styles.css - 304 Not Modified (0ms)


Started GET "/assets/jquery_ujs.js?body=1" for 127.0.0.1 at 2012-01-13 23:20:42 -0500
Served asset /jquery_ujs.js - 304 Not Modified (0ms)


Started GET "/assets/users.js?body=1" for 127.0.0.1 at 2012-01-13 23:20:42 -0500
Served asset /users.js - 304 Not Modified (1ms)


Started GET "/assets/jquery.js?body=1" for 127.0.0.1 at 2012-01-13 23:20:42 -0500
Served asset /jquery.js - 304 Not Modified (0ms)


Started GET "/assets/application.js?body=1" for 127.0.0.1 at 2012-01-13 23:20:42 -0500
Served asset /application.js - 304 Not Modified (1ms)


Started GET "/login" for 127.0.0.1 at 2012-01-13 23:20:43 -0500
  Processing by AuthController#start as HTML
#<OAuth2::Client:0x007fc17430f3f8 @id="221737857912452", @secret="329198e3c954437020325c9697aa9510", @site="https://graph.facebook.com", @options={:authorize_url=>"/oauth/authorize", :token_url=>"/oauth/token", :token_method=>:post, :connection_opts=>{}, :connection_build=>nil, :max_redirects=>5, :raise_errors=>true}>
Redirected to https://graph.facebook.com/oauth/authorize?response_type=code&client_id=221737857912452&redirect_uri=http%3A%2F%2Flocalhost%3A3000%2Flogin%2Fcallback&scope=email%2Coffline_access
Completed 302 Found in 2ms
>>>>>>> Worked on some OAuth
